MusicPlayer/app/build/intermediates/manifest_merge_blame_file/debug/manifest-merger-blame-debug-report.txt
1<?xml version="1.0" encoding="utf-8"?>
2<manifest xmlns:android="http://schemas.android.com/apk/res/android"
3    package="com.example.musicplayer"
4    android:versionCode="1"
5    android:versionName="1.0" >
6
7    <uses-sdk
8        android:minSdkVersion="26"
8-->src/main/AndroidManifest.xml
9        android:targetSdkVersion="30" />
9-->src/main/AndroidManifest.xml
10
11    <uses-permission android:name="android.permission.INTERNET" />
11-->src/main/AndroidManifest.xml:4:5-67
11-->src/main/AndroidManifest.xml:4:22-64
12    <uses-permission android:name="android.permission.ACCESS_NETWORK_STATE" />
12-->src/main/AndroidManifest.xml:5:5-79
12-->src/main/AndroidManifest.xml:5:22-76
13    <uses-permission android:name="android.permission.WRITE_EXTERNAL_STORAGE" />
13-->src/main/AndroidManifest.xml:6:5-81
13-->src/main/AndroidManifest.xml:6:22-78
14    <uses-permission android:name="android.permission.ACCESS_WIFI_STATE" />
14-->src/main/AndroidManifest.xml:28:5-76
14-->src/main/AndroidManifest.xml:28:22-73
15    <uses-permission android:name="android.permission.WRITE_EXTERNAL_STORAGE" />
15-->src/main/AndroidManifest.xml:6:5-81
15-->src/main/AndroidManifest.xml:6:22-78
16    <uses-permission android:name="android.permission.ACCESS_NETWORK_STATE" />
16-->src/main/AndroidManifest.xml:5:5-79
16-->src/main/AndroidManifest.xml:5:22-76
17    <uses-permission android:name="android.permission.FOREGROUND_SERVICE" />
17-->src/main/AndroidManifest.xml:33:5-77
17-->src/main/AndroidManifest.xml:33:22-74
18
19    <application
19-->src/main/AndroidManifest.xml:8:5-27:19
20        android:allowBackup="true"
20-->src/main/AndroidManifest.xml:9:9-35
21        android:appComponentFactory="androidx.core.app.CoreComponentFactory"
21-->[androidx.core:core:1.3.1] AndroidManifest.xml:24:18-86
22        android:debuggable="true"
23        android:extractNativeLibs="false"
24        android:icon="@mipmap/ic_launcher"
24-->src/main/AndroidManifest.xml:10:9-43
25        android:label="@string/app_name"
25-->src/main/AndroidManifest.xml:11:9-41
26        android:roundIcon="@mipmap/ic_launcher_round"
26-->src/main/AndroidManifest.xml:12:9-54
27        android:supportsRtl="true"
27-->src/main/AndroidManifest.xml:13:9-35
28        android:testOnly="true"
29        android:theme="@style/AppTheme" >
29-->src/main/AndroidManifest.xml:14:9-40
30        <activity android:name="com.example.musicplayer.download" />
30-->src/main/AndroidManifest.xml:15:9-55
30-->src/main/AndroidManifest.xml:15:19-43
31        <activity android:name="com.example.musicplayer.MainActivity" >
31-->src/main/AndroidManifest.xml:16:9-22:20
31-->src/main/AndroidManifest.xml:16:19-47
32            <intent-filter>
32-->src/main/AndroidManifest.xml:17:13-21:29
33                <action android:name="android.intent.action.MAIN" />
33-->src/main/AndroidManifest.xml:18:17-69
33-->src/main/AndroidManifest.xml:18:25-66
34
35                <category android:name="android.intent.category.LAUNCHER" />
35-->src/main/AndroidManifest.xml:20:17-77
35-->src/main/AndroidManifest.xml:20:27-74
36            </intent-filter>
37        </activity>
38
39        <service
39-->src/main/AndroidManifest.xml:24:9-26:40
40            android:name="com.example.musicplayer.Background"
40-->src/main/AndroidManifest.xml:25:13-39
41            android:exported="false" />
41-->src/main/AndroidManifest.xml:26:13-37
42    </application>
43
44</manifest>